<?xml version="1.0" encoding="UTF-8"?>
<!-- Generated by org.testng.reporters.JUnitReportReporter -->
<testsuite hostname="DESKTOP-2OKIFLB" failures="0" tests="1" name="com.KuldeepSingh.learningSelenium.FirstSeleniumScript" time="30.376" errors="0" timestamp="2022-12-10T20:57:40 EST" skipped="0">
  <testcase classname="com.KuldeepSingh.learningSelenium.FirstSeleniumScript" name="verifyLoginTest" time="30.376"/>
  <system-out/>
</testsuite> <!-- com.KuldeepSingh.learningSelenium.FirstSeleniumScript -->
